        -:    0:Source:Man.cpp
        -:    0:Graph:Man.gcno
        -:    0:Data:Man.gcda
        -:    0:Runs:1
        -:    0:Programs:1
        -:    1://So the private data members go here
        -:    2:
        -:    3:
        -:    4:
        -:    5:#include "Man.h"
        -:    6:
        -:    7:
        -:    8:
        -:    9:
        4:   10:Man::Man(int row, int col) : Good_Warrior(row,col, 20)  //Need to put that '20' in another way
        -:   11:
        -:   12:{
        4:   13:}
        -:   14:
        -:   15:
        -:   16:
        4:   17:char Man::get_symbol() const   //not sure about this one. Should be good, redefined since symbol is now unique
        -:   18:{ 
        -:   19://    cout << hit_points;    
        -:   20:    
        4:   21:    return adjust_symbol('M');
        -:   22:}
        -:   23:
        -:   24:
        1:   25:int Man::roll_to_hit() const
        -:   26:{
        -:   27:    int hit;
        -:   28:
        1:   29:    hit = roll(1, 100);
        -:   30:
        1:   31:    return hit;
        -:   32:}
        -:   33:
        -:   34:
        -:   35:
        -:   36:
        -:   37:
        1:   38:int Man::roll_for_damage() const
        -:   39:{
        -:   40:    int damage;
        1:   41:    damage = roll(1, 20);
        -:   42:
        1:   43:    return damage;
        -:   44:}
        -:   45: 
        -:   46:
        -:   47:
        1:   48:int Man::needed_to_hit() const
        -:   49:{
        1:   50:    int need_to_hit = 50;
        -:   51:
        -:   52:
        1:   53:  return need_to_hit;
        -:   54:}
        -:   55:
        -:   56:
        -:   57:
        1:   58:Warrior* Man::clone() const
        -:   59:{
        -:   60:    Warrior *man;
        1:   61:    man = new Man(0,0);
        -:   62:    
        -:   63:    
        -:   64:    
        1:   65:    return man; 
        3:   66:}
